This is pdfTeX, Version 3.141592653-2.6-1.40.25 (TeX Live 2023) (preloaded format=pdflatex 2024.3.12)  17 MAY 2024 11:35
entering extended mode
 restricted \write18 enabled.
 %&-line parsing enabled.
**solucion_tarea_3.tex
(./solucion_tarea_3.tex
LaTeX2e <2023-11-01> patch level 1
L3 programming layer <2024-02-20>
(c:/Users/lcgallardov/AppData/Roaming/TinyTeX/texmf-dist/tex/latex/base/article.cls
Document Class: article 2023/05/17 v1.4n Standard LaTeX document class
(c:/Users/lcgallardov/AppData/Roaming/TinyTeX/texmf-dist/tex/latex/base/size11.clo
File: size11.clo 2023/05/17 v1.4n Standard LaTeX file (size option)
)
\c@part=\count188
\c@section=\count189
\c@subsection=\count190
\c@subsubsection=\count191
\c@paragraph=\count192
\c@subparagraph=\count193
\c@figure=\count194
\c@table=\count195
\abovecaptionskip=\skip48
\belowcaptionskip=\skip49
\bibindent=\dimen140
) (c:/Users/lcgallardov/AppData/Roaming/TinyTeX/texmf-dist/tex/latex/amsmath/amsmath.sty
Package: amsmath 2023/05/13 v2.17o AMS math features
\@mathmargin=\skip50
For additional information on amsmath, use the `?' option.
(c:/Users/lcgallardov/AppData/Roaming/TinyTeX/texmf-dist/tex/latex/amsmath/amstext.sty
Package: amstext 2021/08/26 v2.01 AMS text
(c:/Users/lcgallardov/AppData/Roaming/TinyTeX/texmf-dist/tex/latex/amsmath/amsgen.sty
File: amsgen.sty 1999/11/30 v2.0 generic functions
\@emptytoks=\toks17
\ex@=\dimen141
)) (c:/Users/lcgallardov/AppData/Roaming/TinyTeX/texmf-dist/tex/latex/amsmath/amsbsy.sty
Package: amsbsy 1999/11/29 v1.2d Bold Symbols
\pmbraise@=\dimen142
) (c:/Users/lcgallardov/AppData/Roaming/TinyTeX/texmf-dist/tex/latex/amsmath/amsopn.sty
Package: amsopn 2022/04/08 v2.04 operator names
)
\inf@bad=\count196
LaTeX Info: Redefining \frac on input line 234.
\uproot@=\count197
\leftroot@=\count198
LaTeX Info: Redefining \overline on input line 399.
LaTeX Info: Redefining \colon on input line 410.
\classnum@=\count199
\DOTSCASE@=\count266
LaTeX Info: Redefining \ldots on input line 496.
LaTeX Info: Redefining \dots on input line 499.
LaTeX Info: Redefining \cdots on input line 620.
\Mathstrutbox@=\box51
\strutbox@=\box52
LaTeX Info: Redefining \big on input line 722.
LaTeX Info: Redefining \Big on input line 723.
LaTeX Info: Redefining \bigg on input line 724.
LaTeX Info: Redefining \Bigg on input line 725.
\big@size=\dimen143
LaTeX Font Info:    Redeclaring font encoding OML on input line 743.
LaTeX Font Info:    Redeclaring font encoding OMS on input line 744.
\macc@depth=\count267
LaTeX Info: Redefining \bmod on input line 905.
LaTeX Info: Redefining \pmod on input line 910.
LaTeX Info: Redefining \smash on input line 940.
LaTeX Info: Redefining \relbar on input line 970.
LaTeX Info: Redefining \Relbar on input line 971.
\c@MaxMatrixCols=\count268
\dotsspace@=\muskip16
\c@parentequation=\count269
\dspbrk@lvl=\count270
\tag@help=\toks18
\row@=\count271
\column@=\count272
\maxfields@=\count273
\andhelp@=\toks19
\eqnshift@=\dimen144
\alignsep@=\dimen145
\tagshift@=\dimen146
\tagwidth@=\dimen147
\totwidth@=\dimen148
\lineht@=\dimen149
\@envbody=\toks20
\multlinegap=\skip51
\multlinetaggap=\skip52
\mathdisplay@stack=\toks21
LaTeX Info: Redefining \[ on input line 2953.
LaTeX Info: Redefining \] on input line 2954.
) (c:/Users/lcgallardov/AppData/Roaming/TinyTeX/texmf-dist/tex/latex/amsfonts/amssymb.sty
Package: amssymb 2013/01/14 v3.01 AMS font symbols
(c:/Users/lcgallardov/AppData/Roaming/TinyTeX/texmf-dist/tex/latex/amsfonts/amsfonts.sty
Package: amsfonts 2013/01/14 v3.01 Basic AMSFonts support
\symAMSa=\mathgroup4
\symAMSb=\mathgroup5
LaTeX Font Info:    Redeclaring math symbol \hbar on input line 98.
LaTeX Font Info:    Overwriting math alphabet `\mathfrak' in version `bold'
(Font)                  U/euf/m/n --> U/euf/b/n on input line 106.
)) (c:/Users/lcgallardov/AppData/Roaming/TinyTeX/texmf-dist/tex/generic/iftex/iftex.sty
Package: iftex 2022/02/03 v1.0f TeX engine tests
) (c:/Users/lcgallardov/AppData/Roaming/TinyTeX/texmf-dist/tex/latex/base/fontenc.sty
Package: fontenc 2021/04/29 v2.0v Standard LaTeX package
) (c:/Users/lcgallardov/AppData/Roaming/TinyTeX/texmf-dist/tex/latex/base/inputenc.sty
Package: inputenc 2021/02/14 v1.3d Input encoding file
\inpenc@prehook=\toks22
\inpenc@posthook=\toks23
) (c:/Users/lcgallardov/AppData/Roaming/TinyTeX/texmf-dist/tex/latex/base/textcomp.sty
Package: textcomp 2020/02/02 v2.0n Standard LaTeX package
) (c:/Users/lcgallardov/AppData/Roaming/TinyTeX/texmf-dist/tex/latex/lm/lmodern.sty
Package: lmodern 2015/05/01 v1.6.1 Latin Modern Fonts
LaTeX Font Info:    Overwriting symbol font `operators' in version `normal'
(Font)                  OT1/cmr/m/n --> OT1/lmr/m/n on input line 22.
LaTeX Font Info:    Overwriting symbol font `letters' in version `normal'
(Font)                  OML/cmm/m/it --> OML/lmm/m/it on input line 23.
LaTeX Font Info:    Overwriting symbol font `symbols' in version `normal'
(Font)                  OMS/cmsy/m/n --> OMS/lmsy/m/n on input line 24.
LaTeX Font Info:    Overwriting symbol font `largesymbols' in version `normal'
(Font)                  OMX/cmex/m/n --> OMX/lmex/m/n on input line 25.
LaTeX Font Info:    Overwriting symbol font `operators' in version `bold'
(Font)                  OT1/cmr/bx/n --> OT1/lmr/bx/n on input line 26.
LaTeX Font Info:    Overwriting symbol font `letters' in version `bold'
(Font)                  OML/cmm/b/it --> OML/lmm/b/it on input line 27.
LaTeX Font Info:    Overwriting symbol font `symbols' in version `bold'
(Font)                  OMS/cmsy/b/n --> OMS/lmsy/b/n on input line 28.
LaTeX Font Info:    Overwriting symbol font `largesymbols' in version `bold'
(Font)                  OMX/cmex/m/n --> OMX/lmex/m/n on input line 29.
LaTeX Font Info:    Overwriting math alphabet `\mathbf' in version `normal'
(Font)                  OT1/cmr/bx/n --> OT1/lmr/bx/n on input line 31.
LaTeX Font Info:    Overwriting math alphabet `\mathsf' in version `normal'
(Font)                  OT1/cmss/m/n --> OT1/lmss/m/n on input line 32.
LaTeX Font Info:    Overwriting math alphabet `\mathit' in version `normal'
(Font)                  OT1/cmr/m/it --> OT1/lmr/m/it on input line 33.
LaTeX Font Info:    Overwriting math alphabet `\mathtt' in version `normal'
(Font)                  OT1/cmtt/m/n --> OT1/lmtt/m/n on input line 34.
LaTeX Font Info:    Overwriting math alphabet `\mathbf' in version `bold'
(Font)                  OT1/cmr/bx/n --> OT1/lmr/bx/n on input line 35.
LaTeX Font Info:    Overwriting math alphabet `\mathsf' in version `bold'
(Font)                  OT1/cmss/bx/n --> OT1/lmss/bx/n on input line 36.
LaTeX Font Info:    Overwriting math alphabet `\mathit' in version `bold'
(Font)                  OT1/cmr/bx/it --> OT1/lmr/bx/it on input line 37.
LaTeX Font Info:    Overwriting math alphabet `\mathtt' in version `bold'
(Font)                  OT1/cmtt/m/n --> OT1/lmtt/m/n on input line 38.
) (c:/Users/lcgallardov/AppData/Roaming/TinyTeX/texmf-dist/tex/latex/xcolor/xcolor.sty
Package: xcolor 2023/11/15 v3.01 LaTeX color extensions (UK)
(c:/Users/lcgallardov/AppData/Roaming/TinyTeX/texmf-dist/tex/latex/graphics-cfg/color.cfg
File: color.cfg 2016/01/02 v1.6 sample color configuration
)
Package xcolor Info: Driver file: pdftex.def on input line 274.
(c:/Users/lcgallardov/AppData/Roaming/TinyTeX/texmf-dist/tex/latex/graphics-def/pdftex.def
File: pdftex.def 2022/09/22 v1.2b Graphics/color driver for pdftex
) (c:/Users/lcgallardov/AppData/Roaming/TinyTeX/texmf-dist/tex/latex/graphics/mathcolor.ltx)
Package xcolor Info: Model `cmy' substituted by `cmy0' on input line 1350.
Package xcolor Info: Model `hsb' substituted by `rgb' on input line 1354.
Package xcolor Info: Model `RGB' extended on input line 1366.
Package xcolor Info: Model `HTML' substituted by `rgb' on input line 1368.
Package xcolor Info: Model `Hsb' substituted by `hsb' on input line 1369.
Package xcolor Info: Model `tHsb' substituted by `hsb' on input line 1370.
Package xcolor Info: Model `HSB' substituted by `hsb' on input line 1371.
Package xcolor Info: Model `Gray' substituted by `gray' on input line 1372.
Package xcolor Info: Model `wave' substituted by `hsb' on input line 1373.
) (c:/Users/lcgallardov/AppData/Roaming/TinyTeX/texmf-dist/tex/latex/geometry/geometry.sty
Package: geometry 2020/01/02 v5.9 Page Geometry
(c:/Users/lcgallardov/AppData/Roaming/TinyTeX/texmf-dist/tex/latex/graphics/keyval.sty
Package: keyval 2022/05/29 v1.15 key=value parser (DPC)
\KV@toks@=\toks24
) (c:/Users/lcgallardov/AppData/Roaming/TinyTeX/texmf-dist/tex/generic/iftex/ifvtex.sty
Package: ifvtex 2019/10/25 v1.7 ifvtex legacy package. Use iftex instead.
)
\Gm@cnth=\count274
\Gm@cntv=\count275
\c@Gm@tempcnt=\count276
\Gm@bindingoffset=\dimen150
\Gm@wd@mp=\dimen151
\Gm@odd@mp=\dimen152
\Gm@even@mp=\dimen153
\Gm@layoutwidth=\dimen154
\Gm@layoutheight=\dimen155
\Gm@layouthoffset=\dimen156
\Gm@layoutvoffset=\dimen157
\Gm@dimlist=\toks25
) (c:/Users/lcgallardov/AppData/Roaming/TinyTeX/texmf-dist/tex/latex/fancyvrb/fancyvrb.sty
Package: fancyvrb 2024/01/20 4.5c verbatim text (tvz,hv)
\FV@CodeLineNo=\count277
\FV@InFile=\read2
\FV@TabBox=\box53
\c@FancyVerbLine=\count278
\FV@StepNumber=\count279
\FV@OutFile=\write3
) (c:/Users/lcgallardov/AppData/Roaming/TinyTeX/texmf-dist/tex/latex/framed/framed.sty
Package: framed 2011/10/22 v 0.96: framed or shaded text with page breaks
\OuterFrameSep=\skip53
\fb@frw=\dimen158
\fb@frh=\dimen159
\FrameRule=\dimen160
\FrameSep=\dimen161
) (c:/Users/lcgallardov/AppData/Roaming/TinyTeX/texmf-dist/tex/latex/graphics/graphicx.sty
Package: graphicx 2021/09/16 v1.2d Enhanced LaTeX Graphics (DPC,SPQR)
(c:/Users/lcgallardov/AppData/Roaming/TinyTeX/texmf-dist/tex/latex/graphics/graphics.sty
Package: graphics 2022/03/10 v1.4e Standard LaTeX Graphics (DPC,SPQR)
(c:/Users/lcgallardov/AppData/Roaming/TinyTeX/texmf-dist/tex/latex/graphics/trig.sty
Package: trig 2021/08/11 v1.11 sin cos tan (DPC)
) (c:/Users/lcgallardov/AppData/Roaming/TinyTeX/texmf-dist/tex/latex/graphics-cfg/graphics.cfg
File: graphics.cfg 2016/06/04 v1.11 sample graphics configuration
)
Package graphics Info: Driver file: pdftex.def on input line 107.
)
\Gin@req@height=\dimen162
\Gin@req@width=\dimen163
) (c:/Users/lcgallardov/AppData/Roaming/TinyTeX/texmf-dist/tex/latex/float/float.sty
Package: float 2001/11/08 v1.3d Float enhancements (AL)
\c@float@type=\count280
\float@exts=\toks26
\float@box=\box54
\@float@everytoks=\toks27
\@floatcapt=\box55
) (c:/Users/lcgallardov/AppData/Roaming/TinyTeX/texmf-dist/tex/latex/sectsty/sectsty.sty
Package: sectsty 2002/02/25 v2.0.2 Commands to change all sectional heading styles

LaTeX Warning: Command \underbar  has changed.
               Check if current package is valid.


LaTeX Warning: Command \underline  has changed.
               Check if current package is valid.

) (c:/Users/lcgallardov/AppData/Roaming/TinyTeX/texmf-dist/tex/latex/paralist/paralist.sty
Package: paralist 2017/01/22 v2.7 Extended list environments
\pltopsep=\skip54
\plpartopsep=\skip55
\plitemsep=\skip56
\plparsep=\skip57
\pl@lab=\toks28
) (c:/Users/lcgallardov/AppData/Roaming/TinyTeX/texmf-dist/tex/latex/setspace/setspace.sty
Package: setspace 2022/12/04 v6.7b set line spacing
) (c:/Users/lcgallardov/AppData/Roaming/TinyTeX/texmf-dist/tex/latex/fancyhdr/fancyhdr.sty
Package: fancyhdr 2022/11/09 v4.1 Extensive control of page headers and footers
\f@nch@headwidth=\skip58
\f@nch@O@elh=\skip59
\f@nch@O@erh=\skip60
\f@nch@O@olh=\skip61
\f@nch@O@orh=\skip62
\f@nch@O@elf=\skip63
\f@nch@O@erf=\skip64
\f@nch@O@olf=\skip65
\f@nch@O@orf=\skip66
) (c:/Users/lcgallardov/AppData/Roaming/TinyTeX/texmf-dist/tex/latex/lastpage/lastpage.sty
Package: lastpage 2023/10/14 v2.0e lastpage: 2.09 or 2e? (HMM)
(c:/Users/lcgallardov/AppData/Roaming/TinyTeX/texmf-dist/tex/latex/lastpage/lastpage2e.sty
Package: lastpage2e 2023/10/14 v2.0e Decide which 2e lastpage version to use (HMM)
(c:/Users/lcgallardov/AppData/Roaming/TinyTeX/texmf-dist/tex/latex/lastpage/lastpagemodern.sty
Package: lastpagemodern 2023-10-14 v2.0e Refers to last page's name (HMM; JPG)
\c@lastpagecount=\count281
) 
)) (c:/Users/lcgallardov/AppData/Roaming/TinyTeX/texmf-dist/tex/latex/tools/dcolumn.sty
Package: dcolumn 2023/07/08 v1.06 decimal alignment package (DPC)
(c:/Users/lcgallardov/AppData/Roaming/TinyTeX/texmf-dist/tex/latex/tools/array.sty
Package: array 2023/10/16 v2.5g Tabular extension package (FMi)
\col@sep=\dimen164
\ar@mcellbox=\box56
\extrarowheight=\dimen165
\NC@list=\toks29
\extratabsurround=\skip67
\backup@length=\skip68
\ar@cellbox=\box57
)) (c:/Users/lcgallardov/AppData/Roaming/TinyTeX/texmf-dist/tex/latex/tocbibind/tocbibind.sty
Package: tocbibind 2010/10/13 v1.5k extra ToC listings
Package tocbibind Info: The document has section divisions on input line 50.

Package tocbibind Note: Using section or other style headings.

) (c:/Users/lcgallardov/AppData/Roaming/TinyTeX/texmf-dist/tex/latex/listings/listings.sty
\lst@mode=\count282
\lst@gtempboxa=\box58
\lst@token=\toks30
\lst@length=\count283
\lst@currlwidth=\dimen166
\lst@column=\count284
\lst@pos=\count285
\lst@lostspace=\dimen167
\lst@width=\dimen168
\lst@newlines=\count286
\lst@lineno=\count287
\lst@maxwidth=\dimen169
(c:/Users/lcgallardov/AppData/Roaming/TinyTeX/texmf-dist/tex/latex/listings/lstpatch.sty
File: lstpatch.sty 2024/02/21 1.10 (Carsten Heinz)
) (c:/Users/lcgallardov/AppData/Roaming/TinyTeX/texmf-dist/tex/latex/listings/lstmisc.sty
File: lstmisc.sty 2024/02/21 1.10 (Carsten Heinz)
\c@lstnumber=\count288
\lst@skipnumbers=\count289
\lst@framebox=\box59
) (c:/Users/lcgallardov/AppData/Roaming/TinyTeX/texmf-dist/tex/latex/listings/listings.cfg
File: listings.cfg 2024/02/21 1.10 listings configuration
))
Package: listings 2024/02/21 1.10 (Carsten Heinz)
(c:/Users/lcgallardov/AppData/Roaming/TinyTeX/texmf-dist/tex/latex/listings/lstlang1.sty
File: lstlang1.sty 2024/02/21 1.10 listings language file
) (c:/Users/lcgallardov/AppData/Roaming/TinyTeX/texmf-dist/tex/latex/listings/lstlang2.sty
File: lstlang2.sty 2024/02/21 1.10 listings language file
) (c:/Users/lcgallardov/AppData/Roaming/TinyTeX/texmf-dist/tex/latex/listings/lstlang3.sty
File: lstlang3.sty 2024/02/21 1.10 listings language file
) (c:/Users/lcgallardov/AppData/Roaming/TinyTeX/texmf-dist/tex/latex/hyperref/hyperref.sty
Package: hyperref 2024-01-20 v7.01h Hypertext links for LaTeX
(c:/Users/lcgallardov/AppData/Roaming/TinyTeX/texmf-dist/tex/latex/kvsetkeys/kvsetkeys.sty
Package: kvsetkeys 2022-10-05 v1.19 Key value parser (HO)
) (c:/Users/lcgallardov/AppData/Roaming/TinyTeX/texmf-dist/tex/generic/kvdefinekeys/kvdefinekeys.sty
Package: kvdefinekeys 2019-12-19 v1.6 Define keys (HO)
) (c:/Users/lcgallardov/AppData/Roaming/TinyTeX/texmf-dist/tex/generic/pdfescape/pdfescape.sty
Package: pdfescape 2019/12/09 v1.15 Implements pdfTeX's escape features (HO)
(c:/Users/lcgallardov/AppData/Roaming/TinyTeX/texmf-dist/tex/generic/ltxcmds/ltxcmds.sty
Package: ltxcmds 2023-12-04 v1.26 LaTeX kernel commands for general use (HO)
) (c:/Users/lcgallardov/AppData/Roaming/TinyTeX/texmf-dist/tex/generic/pdftexcmds/pdftexcmds.sty
Package: pdftexcmds 2020-06-27 v0.33 Utility functions of pdfTeX for LuaTeX (HO)
(c:/Users/lcgallardov/AppData/Roaming/TinyTeX/texmf-dist/tex/generic/infwarerr/infwarerr.sty
Package: infwarerr 2019/12/03 v1.5 Providing info/warning/error messages (HO)
)
Package pdftexcmds Info: \pdf@primitive is available.
Package pdftexcmds Info: \pdf@ifprimitive is available.
Package pdftexcmds Info: \pdfdraftmode found.
)) (c:/Users/lcgallardov/AppData/Roaming/TinyTeX/texmf-dist/tex/latex/hycolor/hycolor.sty
Package: hycolor 2020-01-27 v1.10 Color options for hyperref/bookmark (HO)
) (c:/Users/lcgallardov/AppData/Roaming/TinyTeX/texmf-dist/tex/latex/auxhook/auxhook.sty
Package: auxhook 2019-12-17 v1.6 Hooks for auxiliary files (HO)
) (c:/Users/lcgallardov/AppData/Roaming/TinyTeX/texmf-dist/tex/latex/hyperref/nameref.sty
Package: nameref 2023-11-26 v2.56 Cross-referencing by name of section
(c:/Users/lcgallardov/AppData/Roaming/TinyTeX/texmf-dist/tex/latex/refcount/refcount.sty
Package: refcount 2019/12/15 v3.6 Data extraction from label references (HO)
) (c:/Users/lcgallardov/AppData/Roaming/TinyTeX/texmf-dist/tex/generic/gettitlestring/gettitlestring.sty
Package: gettitlestring 2019/12/15 v1.6 Cleanup title references (HO)
(c:/Users/lcgallardov/AppData/Roaming/TinyTeX/texmf-dist/tex/latex/kvoptions/kvoptions.sty
Package: kvoptions 2022-06-15 v3.15 Key value format for package options (HO)
))
\c@section@level=\count290
) (c:/Users/lcgallardov/AppData/Roaming/TinyTeX/texmf-dist/tex/latex/etoolbox/etoolbox.sty
Package: etoolbox 2020/10/05 v2.5k e-TeX tools for LaTeX (JAW)
\etb@tempcnta=\count291
)
\@linkdim=\dimen170
\Hy@linkcounter=\count292
\Hy@pagecounter=\count293
(c:/Users/lcgallardov/AppData/Roaming/TinyTeX/texmf-dist/tex/latex/hyperref/pd1enc.def
File: pd1enc.def 2024-01-20 v7.01h Hyperref: PDFDocEncoding definition (HO)
Now handling font encoding PD1 ...
... no UTF-8 mapping file for font encoding PD1
) (c:/Users/lcgallardov/AppData/Roaming/TinyTeX/texmf-dist/tex/generic/intcalc/intcalc.sty
Package: intcalc 2019/12/15 v1.3 Expandable calculations with integers (HO)
)
\Hy@SavedSpaceFactor=\count294
(c:/Users/lcgallardov/AppData/Roaming/TinyTeX/texmf-dist/tex/latex/hyperref/puenc.def
File: puenc.def 2024-01-20 v7.01h Hyperref: PDF Unicode definition (HO)
Now handling font encoding PU ...
... no UTF-8 mapping file for font encoding PU
)
Package hyperref Info: Option `unicode' set `true' on input line 4062.
Package hyperref Info: Hyper figures OFF on input line 4179.
Package hyperref Info: Link nesting OFF on input line 4184.
Package hyperref Info: Hyper index ON on input line 4187.
Package hyperref Info: Plain pages OFF on input line 4194.
Package hyperref Info: Backreferencing OFF on input line 4199.
Package hyperref Info: Implicit mode ON; LaTeX internals redefined.
Package hyperref Info: Bookmarks ON on input line 4446.
\c@Hy@tempcnt=\count295
(c:/Users/lcgallardov/AppData/Roaming/TinyTeX/texmf-dist/tex/latex/url/url.sty
\Urlmuskip=\muskip17
Package: url 2013/09/16  ver 3.4  Verb mode for urls, etc.
)
LaTeX Info: Redefining \url on input line 4784.
\XeTeXLinkMargin=\dimen171
(c:/Users/lcgallardov/AppData/Roaming/TinyTeX/texmf-dist/tex/generic/bitset/bitset.sty
Package: bitset 2019/12/09 v1.3 Handle bit-vector datatype (HO)
(c:/Users/lcgallardov/AppData/Roaming/TinyTeX/texmf-dist/tex/generic/bigintcalc/bigintcalc.sty
Package: bigintcalc 2019/12/15 v1.5 Expandable calculations on big integers (HO)
))
\Fld@menulength=\count296
\Field@Width=\dimen172
\Fld@charsize=\dimen173
Package hyperref Info: Hyper figures OFF on input line 6063.
Package hyperref Info: Link nesting OFF on input line 6068.
Package hyperref Info: Hyper index ON on input line 6071.
Package hyperref Info: backreferencing OFF on input line 6078.
Package hyperref Info: Link coloring OFF on input line 6083.
Package hyperref Info: Link coloring with OCG OFF on input line 6088.
Package hyperref Info: PDF/A mode OFF on input line 6093.
(c:/Users/lcgallardov/AppData/Roaming/TinyTeX/texmf-dist/tex/latex/base/atbegshi-ltx.sty
Package: atbegshi-ltx 2021/01/10 v1.0c Emulation of the original atbegshi
package with kernel methods
)
\Hy@abspage=\count297
\c@Item=\count298
\c@Hfootnote=\count299
)
Package hyperref Info: Driver (autodetected): hpdftex.
(c:/Users/lcgallardov/AppData/Roaming/TinyTeX/texmf-dist/tex/latex/hyperref/hpdftex.def
File: hpdftex.def 2024-01-20 v7.01h Hyperref driver for pdfTeX
(c:/Users/lcgallardov/AppData/Roaming/TinyTeX/texmf-dist/tex/latex/base/atveryend-ltx.sty
Package: atveryend-ltx 2020/08/19 v1.0a Emulation of the original atveryend package
with kernel methods
)
\Fld@listcount=\count300
\c@bookmark@seq@number=\count301
(c:/Users/lcgallardov/AppData/Roaming/TinyTeX/texmf-dist/tex/latex/rerunfilecheck/rerunfilecheck.sty
Package: rerunfilecheck 2022-07-10 v1.10 Rerun checks for auxiliary files (HO)
(c:/Users/lcgallardov/AppData/Roaming/TinyTeX/texmf-dist/tex/generic/uniquecounter/uniquecounter.sty
Package: uniquecounter 2019/12/15 v1.4 Provide unlimited unique counter (HO)
)
Package uniquecounter Info: New unique counter `rerunfilecheck' on input line 285.
)
\Hy@SectionHShift=\skip69
)
LaTeX Font Info:    Trying to load font information for T1+lmr on input line 123.
(c:/Users/lcgallardov/AppData/Roaming/TinyTeX/texmf-dist/tex/latex/lm/t1lmr.fd
File: t1lmr.fd 2015/05/01 v1.6.1 Font defs for Latin Modern
) (c:/Users/lcgallardov/AppData/Roaming/TinyTeX/texmf-dist/tex/latex/l3backend/l3backend-pdftex.def
File: l3backend-pdftex.def 2024-02-20 L3 backend support: PDF output (pdfTeX)
\l__color_backend_stack_int=\count302
\l__pdf_internal_box=\box60
) (./solucion_tarea_3.aux)
\openout1 = `solucion_tarea_3.aux'.

LaTeX Font Info:    Checking defaults for OML/cmm/m/it on input line 123.
LaTeX Font Info:    ... okay on input line 123.
LaTeX Font Info:    Checking defaults for OMS/cmsy/m/n on input line 123.
LaTeX Font Info:    ... okay on input line 123.
LaTeX Font Info:    Checking defaults for OT1/cmr/m/n on input line 123.
LaTeX Font Info:    ... okay on input line 123.
LaTeX Font Info:    Checking defaults for T1/cmr/m/n on input line 123.
LaTeX Font Info:    ... okay on input line 123.
LaTeX Font Info:    Checking defaults for TS1/cmr/m/n on input line 123.
LaTeX Font Info:    ... okay on input line 123.
LaTeX Font Info:    Checking defaults for OMX/cmex/m/n on input line 123.
LaTeX Font Info:    ... okay on input line 123.
LaTeX Font Info:    Checking defaults for U/cmr/m/n on input line 123.
LaTeX Font Info:    ... okay on input line 123.
LaTeX Font Info:    Checking defaults for PD1/pdf/m/n on input line 123.
LaTeX Font Info:    ... okay on input line 123.
LaTeX Font Info:    Checking defaults for PU/pdf/m/n on input line 123.
LaTeX Font Info:    ... okay on input line 123.
(c:/Users/lcgallardov/AppData/Roaming/TinyTeX/texmf-dist/tex/latex/epstopdf-pkg/epstopdf-base.sty
Package: epstopdf-base 2020-01-24 v2.11 Base part for package epstopdf
Package epstopdf-base Info: Redefining graphics rule for `.eps' on input line 485.
(c:/Users/lcgallardov/AppData/Roaming/TinyTeX/texmf-dist/tex/latex/latexconfig/epstopdf-sys.cfg
File: epstopdf-sys.cfg 2010/07/13 v1.3 Configuration of (r)epstopdf for TeX Live
))
*geometry* driver: auto-detecting
*geometry* detected driver: pdftex
*geometry* verbose mode - [ preamble ] result:
* driver: pdftex
* paper: <default>
* layout: <same size as paper>
* layoutoffset:(h,v)=(0.0pt,0.0pt)
* modes: 
* h-part:(L,W,R)=(72.26999pt, 469.75502pt, 72.26999pt)
* v-part:(T,H,B)=(72.26999pt, 650.43001pt, 72.26999pt)
* \paperwidth=614.295pt
* \paperheight=794.96999pt
* \textwidth=469.75502pt
* \textheight=650.43001pt
* \oddsidemargin=0.0pt
* \evensidemargin=0.0pt
* \topmargin=-37.0pt
* \headheight=12.0pt
* \headsep=25.0pt
* \topskip=11.0pt
* \footskip=30.0pt
* \marginparwidth=59.0pt
* \marginparsep=10.0pt
* \columnsep=10.0pt
* \skip\footins=10.0pt plus 4.0pt minus 2.0pt
* \hoffset=0.0pt
* \voffset=0.0pt
* \mag=1000
* \@twocolumnfalse
* \@twosidefalse
* \@mparswitchfalse
* \@reversemarginfalse
* (1in=72.27pt=25.4mm, 1cm=28.453pt)

\c@lstlisting=\count303
Package hyperref Info: Link coloring OFF on input line 123.
(./solucion_tarea_3.out) (./solucion_tarea_3.out)
\@outlinefile=\write4
\openout4 = `solucion_tarea_3.out'.

LaTeX Font Info:    Trying to load font information for TS1+lmr on input line 159.
(c:/Users/lcgallardov/AppData/Roaming/TinyTeX/texmf-dist/tex/latex/lm/ts1lmr.fd
File: ts1lmr.fd 2015/05/01 v1.6.1 Font defs for Latin Modern
)
LaTeX Font Info:    Trying to load font information for T1+lmtt on input line 203.
(c:/Users/lcgallardov/AppData/Roaming/TinyTeX/texmf-dist/tex/latex/lm/t1lmtt.fd
File: t1lmtt.fd 2015/05/01 v1.6.1 Font defs for Latin Modern
)
LaTeX Font Info:    Font shape `T1/lmtt/bx/n' in size <10.95> not available
(Font)              Font shape `T1/lmtt/b/n' tried instead on input line 204.

Overfull \hbox (40.02632pt too wide) in paragraph at lines 213--222
\T1/lmr/m/n/10.95 pandi-das uti-lizando el co-mando \T1/lmtt/m/n/10.95 summarise(suma_pernoctaciones = sum(total_pernoctaciones_exp))\T1/lmr/m/n/10.95 .
 []

[1

{c:/Users/lcgallardov/AppData/Roaming/TinyTeX/texmf-var/fonts/map/pdftex/updmap/pdftex.map}{c:/Users/lcgallardov/AppData/Roaming/TinyTeX/texmf-dist/fonts/enc/dvips/lm/lm-ec.enc}{c:/Users/lcgallardov/AppData/Roaming/TinyTeX/texmf-dist/fonts/enc/dvips/lm/lm-ts1.enc}]
Overfull \hbox (7.38986pt too wide) in paragraph at lines 259--259
[]\T1/lmtt/m/n/10.95 ##    region                                pernoctaciones_2017 pernoctaciones_2018[] 
 []


Overfull \hbox (7.38986pt too wide) in paragraph at lines 259--259
[]\T1/lmtt/m/n/10.95 ##    <chr>                                               <dbl>               <dbl>[] 
 []


Overfull \hbox (7.38986pt too wide) in paragraph at lines 259--259
[]\T1/lmtt/m/n/10.95 ##  1 Antofagasta                                      1732320.            1490444.[] 
 []


Overfull \hbox (1.64113pt too wide) in paragraph at lines 259--259
[]\T1/lmtt/m/n/10.95 ##  2 Arica y Parinacota                                466405.             351435[] 
 []


Overfull \hbox (7.38986pt too wide) in paragraph at lines 259--259
[]\T1/lmtt/m/n/10.95 ##  3 Atacama                                           593675.             461032.[] 
 []


Overfull \hbox (7.38986pt too wide) in paragraph at lines 259--259
[]\T1/lmtt/m/n/10.95 ##  4 Aysén del Gral. Carlos Ibáñez del Ca~             428741.             335709.[] 
 []


Overfull \hbox (7.38986pt too wide) in paragraph at lines 259--259
[]\T1/lmtt/m/n/10.95 ##  5 Biobío                                           1514068.            1251427.[] 
 []


Overfull \hbox (7.38986pt too wide) in paragraph at lines 259--259
[]\T1/lmtt/m/n/10.95 ##  6 Coquimbo                                         1516372.            1221913.[] 
 []


Overfull \hbox (7.38986pt too wide) in paragraph at lines 259--259
[]\T1/lmtt/m/n/10.95 ##  7 La Araucanía                                     1487893.            1177242.[] 
 []


Overfull \hbox (7.38986pt too wide) in paragraph at lines 259--259
[]\T1/lmtt/m/n/10.95 ##  8 Libertador Gral. Bernardo O'Higgins               688956.             643375.[] 
 []


Overfull \hbox (7.38986pt too wide) in paragraph at lines 259--259
[]\T1/lmtt/m/n/10.95 ##  9 Los Lagos                                        2326470.            1845937.[] 
 []


Overfull \hbox (7.38986pt too wide) in paragraph at lines 259--259
[]\T1/lmtt/m/n/10.95 ## 10 Los Ríos                                          749480.             633486.[] 
 []


Overfull \hbox (7.38986pt too wide) in paragraph at lines 259--259
[]\T1/lmtt/m/n/10.95 ## 11 Magallanes y de la Antártica Chilena              962289.             740349.[] 
 []


Overfull \hbox (7.38986pt too wide) in paragraph at lines 259--259
[]\T1/lmtt/m/n/10.95 ## 12 Maule                                             732138.             571198.[] 
 []


Overfull \hbox (7.38986pt too wide) in paragraph at lines 259--259
[]\T1/lmtt/m/n/10.95 ## 13 Metropolitana de Santiago                        7755130.            6360489.[] 
 []


Overfull \hbox (7.38986pt too wide) in paragraph at lines 259--259
[]\T1/lmtt/m/n/10.95 ## 14 Tarapacá                                          969126.             709404.[] 
 []


Overfull \hbox (7.38986pt too wide) in paragraph at lines 259--259
[]\T1/lmtt/m/n/10.95 ## 15 Valparaíso                                       3211664.            2497288.[] 
 []


Overfull \hbox (7.38986pt too wide) in paragraph at lines 259--259
[]\T1/lmtt/m/n/10.95 ## 16 Ñuble                                                 NA               80577.[] 
 []


pdfTeX warning (ext4): destination with the same identifier (name{page.}) has been already used, duplicate ignored
<to be read again> 
                   \relax 
l.272 
       [2]
Overfull \hbox (7.38986pt too wide) in paragraph at lines 341--341
[]\T1/lmtt/m/n/10.95 ##    region    pernoctaciones_2017 pernoctaciones_2018 llegadas_2017 llegadas_2018[] 
 []


Overfull \hbox (7.38986pt too wide) in paragraph at lines 341--341
[]\T1/lmtt/m/n/10.95 ##    <chr>                   <dbl>               <dbl>         <dbl>         <dbl>[] 
 []


Overfull \hbox (7.38986pt too wide) in paragraph at lines 341--341
[]\T1/lmtt/m/n/10.95 ##  1 Antofaga~            1732320.            1490444.       830601.       672546.[] 
 []


Overfull \hbox (7.38986pt too wide) in paragraph at lines 341--341
[]\T1/lmtt/m/n/10.95 ##  2 Arica y ~             466405.             351435        215125.       170620.[] 
 []


Overfull \hbox (7.38986pt too wide) in paragraph at lines 341--341
[]\T1/lmtt/m/n/10.95 ##  3 Atacama               593675.             461032.       312959.       244462.[] 
 []


Overfull \hbox (7.38986pt too wide) in paragraph at lines 341--341
[]\T1/lmtt/m/n/10.95 ##  4 Aysén de~             428741.             335709.       223437.       174001.[] 
 []


Overfull \hbox (7.38986pt too wide) in paragraph at lines 341--341
[]\T1/lmtt/m/n/10.95 ##  5 Biobío               1514068.            1251427.       850786.       705229.[] 
 []


Overfull \hbox (7.38986pt too wide) in paragraph at lines 341--341
[]\T1/lmtt/m/n/10.95 ##  6 Coquimbo             1516372.            1221913.       689974.       552887.[] 
 []


pdfTeX warning (ext4): destination with the same identifier (name{page.}) has been already used, duplicate ignored
<to be read again> 
                   \relax 
l.341 \end{verbatim}
                     [3]
Overfull \hbox (7.38986pt too wide) in paragraph at lines 341--341
[]\T1/lmtt/m/n/10.95 ##  7 La Arauc~            1487893.            1177242.       688321.       532178.[] 
 []


Overfull \hbox (7.38986pt too wide) in paragraph at lines 341--341
[]\T1/lmtt/m/n/10.95 ##  8 Libertad~             688956.             643375.       324763.       281674.[] 
 []


Overfull \hbox (7.38986pt too wide) in paragraph at lines 341--341
[]\T1/lmtt/m/n/10.95 ##  9 Los Lagos            2326470.            1845937.      1261881.       968149.[] 
 []


Overfull \hbox (7.38986pt too wide) in paragraph at lines 341--341
[]\T1/lmtt/m/n/10.95 ## 10 Los Ríos              749480.             633486.       387748.       325137.[] 
 []


Overfull \hbox (7.38986pt too wide) in paragraph at lines 341--341
[]\T1/lmtt/m/n/10.95 ## 11 Magallan~             962289.             740349.       549918.       419988.[] 
 []


Overfull \hbox (7.38986pt too wide) in paragraph at lines 341--341
[]\T1/lmtt/m/n/10.95 ## 12 Maule                 732138.             571198.       405381.       319520.[] 
 []


Overfull \hbox (7.38986pt too wide) in paragraph at lines 341--341
[]\T1/lmtt/m/n/10.95 ## 13 Metropol~            7755130.            6360489.      3486712.      2890448.[] 
 []


Overfull \hbox (7.38986pt too wide) in paragraph at lines 341--341
[]\T1/lmtt/m/n/10.95 ## 14 Tarapacá              969126.             709404.       452883.       315212.[] 
 []


Overfull \hbox (7.38986pt too wide) in paragraph at lines 341--341
[]\T1/lmtt/m/n/10.95 ## 15 Valparaí~            3211664.            2497288.      1648604.      1297277.[] 
 []


Overfull \hbox (7.38986pt too wide) in paragraph at lines 341--341
[]\T1/lmtt/m/n/10.95 ## 16 Ñuble                     NA               80577.           NA         41848.[] 
 []


Underfull \hbox (badness 10000) in paragraph at lines 351--355

 []

<solucion_tarea_3_files/figure-latex/unnamed-chunk-5-1.pdf, id=59, 469.755pt x 325.215pt>
File: solucion_tarea_3_files/figure-latex/unnamed-chunk-5-1.pdf Graphic file (type pdf)
<use solucion_tarea_3_files/figure-latex/unnamed-chunk-5-1.pdf>
Package pdftex.def Info: solucion_tarea_3_files/figure-latex/unnamed-chunk-5-1.pdf  used on input line 373.
(pdftex.def)             Requested size: 469.75386pt x 325.2142pt.

pdfTeX warning (ext4): destination with the same identifier (name{page.}) has been already used, duplicate ignored
<to be read again> 
                   \relax 
l.376 \subsection{Ejercicio 6}\label{ejercicio-6}}
                                                   [4]
Underfull \hbox (badness 2285) in paragraph at lines 385--388
[]\T1/lmr/m/n/10.95 Luego fil-tre por las fi-las donde la clase sea dis-tinto a NA, us-ando el co-mando
 []

<solucion_tarea_3_files/figure-latex/unnamed-chunk-6-1.pdf, id=64, 469.755pt x 325.215pt>
File: solucion_tarea_3_files/figure-latex/unnamed-chunk-6-1.pdf Graphic file (type pdf)
<use solucion_tarea_3_files/figure-latex/unnamed-chunk-6-1.pdf>
Package pdftex.def Info: solucion_tarea_3_files/figure-latex/unnamed-chunk-6-1.pdf  used on input line 415.
(pdftex.def)             Requested size: 469.75386pt x 325.2142pt.

pdfTeX warning (ext4): destination with the same identifier (name{page.}) has been already used, duplicate ignored
<to be read again> 
                   \relax 
l.418 \subsection{Ejercicio 7}\label{ejercicio-7}}
                                                   [5 <./solucion_tarea_3_files/figure-latex/unnamed-chunk-5-1.pdf>]
<solucion_tarea_3_files/figure-latex/unnamed-chunk-7-1.pdf, id=74, 469.755pt x 325.215pt>
File: solucion_tarea_3_files/figure-latex/unnamed-chunk-7-1.pdf Graphic file (type pdf)
<use solucion_tarea_3_files/figure-latex/unnamed-chunk-7-1.pdf>
Package pdftex.def Info: solucion_tarea_3_files/figure-latex/unnamed-chunk-7-1.pdf  used on input line 439.
(pdftex.def)             Requested size: 469.75386pt x 325.2142pt.

pdfTeX warning (ext4): destination with the same identifier (name{page.}) has been already used, duplicate ignored
<to be read again> 
                   \relax 
l.442 \subsection{Ejercicio 8}\label{ejercicio-8}}
                                                   [6 <./solucion_tarea_3_files/figure-latex/unnamed-chunk-6-1.pdf>]
Underfull \hbox (badness 1874) in paragraph at lines 450--454
[]\T1/lmr/m/n/10.95 Agrupe por ``fecha'' y ``clase'', y cal-cule la suma de ``to-tal_llegadas_exp'' us-ando
 []

<solucion_tarea_3_files/figure-latex/unnamed-chunk-8-1.pdf, id=84, 469.755pt x 325.215pt>
File: solucion_tarea_3_files/figure-latex/unnamed-chunk-8-1.pdf Graphic file (type pdf)
<use solucion_tarea_3_files/figure-latex/unnamed-chunk-8-1.pdf>
Package pdftex.def Info: solucion_tarea_3_files/figure-latex/unnamed-chunk-8-1.pdf  used on input line 471.
(pdftex.def)             Requested size: 469.75386pt x 325.2142pt.

pdfTeX warning (ext4): destination with the same identifier (name{page.}) has been already used, duplicate ignored
<to be read again> 
                   \relax 
l.473 \end{document}
                     [7 <./solucion_tarea_3_files/figure-latex/unnamed-chunk-7-1.pdf>]
pdfTeX warning (ext4): destination with the same identifier (name{page.}) has been already used, duplicate ignored
<to be read again> 
                   \relax 
l.473 \end{document}
                     [8 <./solucion_tarea_3_files/figure-latex/unnamed-chunk-8-1.pdf>] 
enddocument/afterlastpage: lastpage setting LastPage.
(./solucion_tarea_3.aux)
 ***********
LaTeX2e <2023-11-01> patch level 1
L3 programming layer <2024-02-20>
 ***********
Package rerunfilecheck Info: File `solucion_tarea_3.out' has not changed.
(rerunfilecheck)             Checksum: B0FB795E1D7AC9C05C6075A8C08C7F82;816.
 ) 
Here is how much of TeX's memory you used:
 13318 strings out of 476075
 209032 string characters out of 5790813
 1950190 words of memory out of 5000000
 35217 multiletter control sequences out of 15000+600000
 584132 words of font info for 49 fonts, out of 8000000 for 9000
 14 hyphenation exceptions out of 8191
 75i,5n,79p,321b,597s stack positions out of 10000i,1000n,20000p,200000b,200000s
<c:/Users/lcgallardov/AppData/Roaming/TinyTeX/texmf-dist/fonts/type1/public/lm/lmbx10.pfb><c:/Users/lcgallardov/AppData/Roaming/TinyTeX/texmf-dist/fonts/type1/public/lm/lmbx12.pfb><c:/Users/lcgallardov/AppData/Roaming/TinyTeX/texmf-dist/fonts/type1/public/lm/lmr10.pfb><c:/Users/lcgallardov/AppData/Roaming/TinyTeX/texmf-dist/fonts/type1/public/lm/lmr12.pfb><c:/Users/lcgallardov/AppData/Roaming/TinyTeX/texmf-dist/fonts/type1/public/lm/lmr17.pfb><c:/Users/lcgallardov/AppData/Roaming/TinyTeX/texmf-dist/fonts/type1/public/lm/lmtk10.pfb><c:/Users/lcgallardov/AppData/Roaming/TinyTeX/texmf-dist/fonts/type1/public/lm/lmtt10.pfb>
Output written on solucion_tarea_3.pdf (8 pages, 1068298 bytes).
PDF statistics:
 145 PDF objects out of 1000 (max. 8388607)
 110 compressed objects within 2 object streams
 18 named destinations out of 1000 (max. 500000)
 85 words of extra memory for PDF output out of 10000 (max. 10000000)

